<?xml version="1.0" encoding="UTF-8"?>
<testsuite xmlns:xsi="http://www.w3.org/2001/XMLSchema-instance" xsi:noNamespaceSchemaLocation="https://maven.apache.org/surefire/maven-surefire-plugin/xsd/surefire-test-report.xsd" version="3.0.2" name="com.aayushatharva.configd.replication.SlidingWindowTest" time="0.109" tests="6" errors="0" skipped="0" failures="0">
  <properties>
[...]
</properties>
  <testcase name="missReturnsNull" classname="com.aayushatharva.configd.replication.SlidingWindowTest" time="0.001"/>
  <testcase name="addAndGet" classname="com.aayushatharva.configd.replication.SlidingWindowTest" time="0.002"/>
  <testcase name="expiredEntriesAreEvicted" classname="com.aayushatharva.configd.replication.SlidingWindowTest" time="0.101"/>
  <testcase name="isProtected" classname="com.aayushatharva.configd.replication.SlidingWindowTest" time="0.001"/>
  <testcase name="getEntriesAfterVersion" classname="com.aayushatharva.configd.replication.SlidingWindowTest" time="0.001"/>
  <testcase name="getLatestVersion" classname="com.aayushatharva.configd.replication.SlidingWindowTest" time="0.001"/>
</testsuite>